<?xml version="1.0" encoding="UTF-8"?>
<testsuite xmlns:xsi="http://www.w3.org/2001/XMLSchema-instance" xsi:noNamespaceSchemaLocation="https://maven.apache.org/surefire/maven-surefire-plugin/xsd/surefire-test-report-3.0.xsd" version="3.0" name="com.maersk.com.maerskint.AppTest" time="1.419" tests="0" errors="0" skipped="0" failures="0">
  <properties>
    <property name="sun.desktop" value="windows"/>
    <property name="awt.toolkit" value="sun.awt.windows.WToolkit"/>
    <property name="file.encoding.pkg" value="sun.io"/>
    <property name="java.specification.version" value="1.8"/>
    <property name="sun.jnu.encoding" value="Cp1252"/>
    <property name="java.class.path" value="C:\Users\AVT3SC744\eclipse-workspace10\com.maerskint\target\test-classes;C:\Users\AVT3SC744\eclipse-workspace10\com.maerskint\target\classes;C:\Users\AVT3SC744\.m2\repository\org\seleniumhq\selenium\selenium-api\3.141.59\selenium-api-3.141.59.jar;C:\Users\AVT3SC744\.m2\repository\org\seleniumhq\selenium\selenium-chrome-driver\3.141.59\selenium-chrome-driver-3.141.59.jar;C:\Users\AVT3SC744\.m2\repository\org\seleniumhq\selenium\selenium-remote-driver\3.141.59\selenium-remote-driver-3.141.59.jar;C:\Users\AVT3SC744\.m2\repository\net\bytebuddy\byte-buddy\1.8.15\byte-buddy-1.8.15.jar;C:\Users\AVT3SC744\.m2\repository\org\apache\commons\commons-exec\1.3\commons-exec-1.3.jar;C:\Users\AVT3SC744\.m2\repository\com\google\guava\guava\25.0-jre\guava-25.0-jre.jar;C:\Users\AVT3SC744\.m2\repository\com\google\code\findbugs\jsr305\1.3.9\jsr305-1.3.9.jar;C:\Users\AVT3SC744\.m2\repository\org\checkerframework\checker-compat-qual\2.0.0\checker-compat-qual-2.0.0.jar;C:\Users\AVT3SC744\.m2\repository\com\google\errorprone\error_prone_annotations\2.1.3\error_prone_annotations-2.1.3.jar;C:\Users\AVT3SC744\.m2\repository\com\google\j2objc\j2objc-annotations\1.1\j2objc-annotations-1.1.jar;C:\Users\AVT3SC744\.m2\repository\org\codehaus\mojo\animal-sniffer-annotations\1.14\animal-sniffer-annotations-1.14.jar;C:\Users\AVT3SC744\.m2\repository\com\squareup\okhttp3\okhttp\3.11.0\okhttp-3.11.0.jar;C:\Users\AVT3SC744\.m2\repository\com\squareup\okio\okio\1.14.0\okio-1.14.0.jar;C:\Users\AVT3SC744\.m2\repository\org\seleniumhq\selenium\selenium-firefox-driver\3.141.59\selenium-firefox-driver-3.141.59.jar;C:\Users\AVT3SC744\.m2\repository\org\seleniumhq\selenium\selenium-support\3.141.59\selenium-support-3.141.59.jar;C:\Users\AVT3SC744\.m2\repository\org\json\json\20090211\json-20090211.jar;C:\Users\AVT3SC744\.m2\repository\org\apache\poi\poi\4.1.1\poi-4.1.1.jar;C:\Users\AVT3SC744\.m2\repository\org\apache\commons\commons-collections4\4.4\commons-collections4-4.4.jar;C:\Users\AVT3SC744\.m2\repository\org\apache\commons\commons-math3\3.6.1\commons-math3-3.6.1.jar;C:\Users\AVT3SC744\.m2\repository\com\hp\hpl\jena\arq\2.8.1\arq-2.8.1.jar;C:\Users\AVT3SC744\.m2\repository\com\hp\hpl\jena\jena\2.6.2\jena-2.6.2.jar;C:\Users\AVT3SC744\.m2\repository\com\ibm\icu\icu4j\3.4.4\icu4j-3.4.4.jar;C:\Users\AVT3SC744\.m2\repository\org\codehaus\woodstox\wstx-asl\3.2.9\wstx-asl-3.2.9.jar;C:\Users\AVT3SC744\.m2\repository\stax\stax-api\1.0.1\stax-api-1.0.1.jar;C:\Users\AVT3SC744\.m2\repository\org\apache\lucene\lucene-core\2.3.1\lucene-core-2.3.1.jar;C:\Users\AVT3SC744\.m2\repository\junit\junit\4.5\junit-4.5.jar;C:\Users\AVT3SC744\.m2\repository\org\slf4j\slf4j-api\1.5.6\slf4j-api-1.5.6.jar;C:\Users\AVT3SC744\.m2\repository\xerces\xercesImpl\2.7.1\xercesImpl-2.7.1.jar;C:\Users\AVT3SC744\.m2\repository\com\hp\hpl\jena\iri\0.7\iri-0.7.jar;C:\Users\AVT3SC744\.m2\repository\org\slf4j\slf4j-log4j12\1.5.6\slf4j-log4j12-1.5.6.jar;C:\Users\AVT3SC744\.m2\repository\log4j\log4j\1.2.12\log4j-1.2.12.jar;C:\Users\AVT3SC744\.m2\repository\org\apache\poi\poi-ooxml\4.1.1\poi-ooxml-4.1.1.jar;C:\Users\AVT3SC744\.m2\repository\org\apache\poi\poi-ooxml-schemas\4.1.1\poi-ooxml-schemas-4.1.1.jar;C:\Users\AVT3SC744\.m2\repository\org\apache\xmlbeans\xmlbeans\3.1.0\xmlbeans-3.1.0.jar;C:\Users\AVT3SC744\.m2\repository\org\apache\commons\commons-compress\1.19\commons-compress-1.19.jar;C:\Users\AVT3SC744\.m2\repository\com\github\virtuald\curvesapi\1.06\curvesapi-1.06.jar;C:\Users\AVT3SC744\.m2\repository\commons-io\commons-io\2.4\commons-io-2.4.jar;C:\Users\AVT3SC744\.m2\repository\commons-codec\commons-codec\1.4\commons-codec-1.4.jar;C:\Users\AVT3SC744\.m2\repository\org\apache\logging\log4j\log4j-api\2.11.1\log4j-api-2.11.1.jar;C:\Users\AVT3SC744\.m2\repository\org\apache\logging\log4j\log4j-core\2.11.1\log4j-core-2.11.1.jar;C:\Users\AVT3SC744\.m2\repository\io\rest-assured\json-schema-validator\4.3.0\json-schema-validator-4.3.0.jar;C:\Users\AVT3SC744\.m2\repository\com\github\java-json-tools\json-schema-validator\2.2.10\json-schema-validator-2.2.10.jar;C:\Users\AVT3SC744\.m2\repository\com\github\java-json-tools\json-schema-core\1.2.10\json-schema-core-1.2.10.jar;C:\Users\AVT3SC744\.m2\repository\com\github\java-json-tools\jackson-coreutils\1.9\jackson-coreutils-1.9.jar;C:\Users\AVT3SC744\.m2\repository\com\github\fge\msg-simple\1.1\msg-simple-1.1.jar;C:\Users\AVT3SC744\.m2\repository\com\github\fge\btf\1.2\btf-1.2.jar;C:\Users\AVT3SC744\.m2\repository\com\github\fge\uri-template\0.9\uri-template-0.9.jar;C:\Users\AVT3SC744\.m2\repository\org\mozilla\rhino\1.7.7.1\rhino-1.7.7.1.jar;C:\Users\AVT3SC744\.m2\repository\javax\mail\mailapi\1.4.3\mailapi-1.4.3.jar;C:\Users\AVT3SC744\.m2\repository\javax\activation\activation\1.1\activation-1.1.jar;C:\Users\AVT3SC744\.m2\repository\joda-time\joda-time\2.9.7\joda-time-2.9.7.jar;C:\Users\AVT3SC744\.m2\repository\com\googlecode\libphonenumber\libphonenumber\8.0.0\libphonenumber-8.0.0.jar;C:\Users\AVT3SC744\.m2\repository\net\sf\jopt-simple\jopt-simple\5.0.3\jopt-simple-5.0.3.jar;C:\Users\AVT3SC744\.m2\repository\org\hamcrest\hamcrest\2.1\hamcrest-2.1.jar;C:\Users\AVT3SC744\.m2\repository\com\fasterxml\jackson\core\jackson-databind\2.9.8\jackson-databind-2.9.8.jar;C:\Users\AVT3SC744\.m2\repository\com\fasterxml\jackson\core\jackson-annotations\2.9.0\jackson-annotations-2.9.0.jar;C:\Users\AVT3SC744\.m2\repository\com\fasterxml\jackson\core\jackson-core\2.9.8\jackson-core-2.9.8.jar;C:\Users\AVT3SC744\.m2\repository\com\jayway\jsonpath\json-path-assert\2.2.0\json-path-assert-2.2.0.jar;C:\Users\AVT3SC744\.m2\repository\com\jayway\jsonpath\json-path\2.2.0\json-path-2.2.0.jar;C:\Users\AVT3SC744\.m2\repository\net\minidev\json-smart\2.2.1\json-smart-2.2.1.jar;C:\Users\AVT3SC744\.m2\repository\net\minidev\accessors-smart\1.1\accessors-smart-1.1.jar;C:\Users\AVT3SC744\.m2\repository\org\ow2\asm\asm\5.0.3\asm-5.0.3.jar;C:\Users\AVT3SC744\.m2\repository\org\hamcrest\hamcrest-core\1.3\hamcrest-core-1.3.jar;C:\Users\AVT3SC744\.m2\repository\org\hamcrest\hamcrest-library\1.3\hamcrest-library-1.3.jar;C:\Users\AVT3SC744\.m2\repository\com\github\javafaker\javafaker\0.15\javafaker-0.15.jar;C:\Users\AVT3SC744\.m2\repository\org\yaml\snakeyaml\1.20\snakeyaml-1.20-android.jar;C:\Users\AVT3SC744\.m2\repository\com\github\mifmif\generex\1.0.2\generex-1.0.2.jar;C:\Users\AVT3SC744\.m2\repository\dk\brics\automaton\automaton\1.11-8\automaton-1.11-8.jar;C:\Users\AVT3SC744\.m2\repository\io\qameta\allure\allure-testng\2.12.0\allure-testng-2.12.0.jar;C:\Users\AVT3SC744\.m2\repository\ru\yandex\qatools\allure\allure-java-annotations\1.5.4\allure-java-annotations-1.5.4.jar;C:\Users\AVT3SC744\.m2\repository\ru\yandex\qatools\allure\allure-model\1.5.4\allure-model-1.5.4.jar;C:\Users\AVT3SC744\.m2\repository\org\jvnet\jaxb2_commons\jaxb2-basics-runtime\0.9.3\jaxb2-basics-runtime-0.9.3.jar;C:\Users\AVT3SC744\.m2\repository\ru\qatools\commons\properties\2.0.RC5\properties-2.0.RC5.jar;C:\Users\AVT3SC744\.m2\repository\org\testng\testng\6.14.3\testng-6.14.3.jar;C:\Users\AVT3SC744\.m2\repository\com\beust\jcommander\1.72\jcommander-1.72.jar;C:\Users\AVT3SC744\.m2\repository\org\apache-extras\beanshell\bsh\2.0b6\bsh-2.0b6.jar;C:\Users\AVT3SC744\.m2\repository\ru\yandex\qatools\allure\allure-report-data\1.4.3\allure-report-data-1.4.3.jar;C:\Users\AVT3SC744\.m2\repository\ru\yandex\qatools\allure\allure-commons\1.4.3\allure-commons-1.4.3.jar;C:\Users\AVT3SC744\.m2\repository\com\fasterxml\jackson\module\jackson-module-jaxb-annotations\2.3.0\jackson-module-jaxb-annotations-2.3.0.jar;C:\Users\AVT3SC744\.m2\repository\net\sourceforge\saxon\saxon\9.1.0.8\saxon-9.1.0.8.jar;C:\Users\AVT3SC744\.m2\repository\ru\yandex\qatools\allure\allure-testng-adaptor\1.5.4\allure-testng-adaptor-1.5.4.jar;C:\Users\AVT3SC744\.m2\repository\ru\yandex\qatools\allure\allure-java-aspects\1.5.4\allure-java-aspects-1.5.4.jar;C:\Users\AVT3SC744\.m2\repository\ru\yandex\qatools\allure\allure-java-adaptor-api\1.5.4\allure-java-adaptor-api-1.5.4.jar;C:\Users\AVT3SC744\.m2\repository\org\aspectj\aspectjrt\1.8.3\aspectjrt-1.8.3.jar;C:\Users\AVT3SC744\.m2\repository\com\jcraft\jsch\0.1.55\jsch-0.1.55.jar;C:\Users\AVT3SC744\.m2\repository\org\apache\commons\commons-lang3\3.9\commons-lang3-3.9.jar;C:\Users\AVT3SC744\.m2\repository\io\rest-assured\rest-assured\4.3.0\rest-assured-4.3.0.jar;C:\Users\AVT3SC744\.m2\repository\org\codehaus\groovy\groovy\3.0.2\groovy-3.0.2.jar;C:\Users\AVT3SC744\.m2\repository\org\codehaus\groovy\groovy-xml\3.0.2\groovy-xml-3.0.2.jar;C:\Users\AVT3SC744\.m2\repository\org\apache\httpcomponents\httpclient\4.5.3\httpclient-4.5.3.jar;C:\Users\AVT3SC744\.m2\repository\org\apache\httpcomponents\httpcore\4.4.6\httpcore-4.4.6.jar;C:\Users\AVT3SC744\.m2\repository\commons-logging\commons-logging\1.2\commons-logging-1.2.jar;C:\Users\AVT3SC744\.m2\repository\org\apache\httpcomponents\httpmime\4.5.3\httpmime-4.5.3.jar;C:\Users\AVT3SC744\.m2\repository\org\ccil\cowan\tagsoup\tagsoup\1.2.1\tagsoup-1.2.1.jar;C:\Users\AVT3SC744\.m2\repository\io\rest-assured\json-path\4.3.0\json-path-4.3.0.jar;C:\Users\AVT3SC744\.m2\repository\org\codehaus\groovy\groovy-json\3.0.2\groovy-json-3.0.2.jar;C:\Users\AVT3SC744\.m2\repository\io\rest-assured\rest-assured-common\4.3.0\rest-assured-common-4.3.0.jar;C:\Users\AVT3SC744\.m2\repository\io\rest-assured\xml-path\4.3.0\xml-path-4.3.0.jar;C:\Users\AVT3SC744\.m2\repository\jakarta\xml\bind\jakarta.xml.bind-api\2.3.2\jakarta.xml.bind-api-2.3.2.jar;C:\Users\AVT3SC744\.m2\repository\jakarta\activation\jakarta.activation-api\1.2.1\jakarta.activation-api-1.2.1.jar;C:\Users\AVT3SC744\.m2\repository\com\sun\xml\bind\jaxb-osgi\2.3.0.1\jaxb-osgi-2.3.0.1.jar;C:\Users\AVT3SC744\.m2\repository\org\apache\sling\org.apache.sling.javax.activation\0.1.0\org.apache.sling.javax.activation-0.1.0.jar;C:\Users\AVT3SC744\.m2\repository\com\aventstack\extentreports\4.0.9\extentreports-4.0.9.jar;C:\Users\AVT3SC744\.m2\repository\org\freemarker\freemarker\2.3.23\freemarker-2.3.23.jar;C:\Users\AVT3SC744\.m2\repository\org\mongodb\mongodb-driver\3.3.0\mongodb-driver-3.3.0.jar;C:\Users\AVT3SC744\.m2\repository\org\mongodb\mongodb-driver-core\3.3.0\mongodb-driver-core-3.3.0.jar;C:\Users\AVT3SC744\.m2\repository\org\mongodb\bson\3.3.0\bson-3.3.0.jar;C:\Users\AVT3SC744\.m2\repository\com\google\code\gson\gson\2.8.5\gson-2.8.5.jar;C:\Users\AVT3SC744\.m2\repository\io\qameta\allure\allure-java-commons\2.12.0\allure-java-commons-2.12.0.jar;C:\Users\AVT3SC744\.m2\repository\io\qameta\allure\allure-model\2.12.0\allure-model-2.12.0.jar;C:\Users\AVT3SC744\.m2\repository\org\apache\tika\tika-core\1.20\tika-core-1.20.jar;C:\Users\AVT3SC744\.m2\repository\org\jooq\joor-java-8\0.9.10\joor-java-8-0.9.10.jar;C:\Users\AVT3SC744\.m2\repository\com\github\scribejava\scribejava-apis\2.5.3\scribejava-apis-2.5.3.jar;C:\Users\AVT3SC744\.m2\repository\com\github\scribejava\scribejava-core\2.5.3\scribejava-core-2.5.3.jar;"/>
    <property name="java.vm.vendor" value="IBM Corporation"/>
    <property name="com.ibm.zero.version" value="2"/>
    <property name="sun.arch.data.model" value="64"/>
    <property name="com.ibm.vm.bitmode" value="64"/>
    <property name="user.variant" value=""/>
    <property name="com.ibm.oti.vm.library.version" value="29"/>
    <property name="java.vendor.url" value="http://www.ibm.com"/>
    <property name="user.timezone" value="America/Los_Angeles"/>
    <property name="os.name" value="Windows 10"/>
    <property name="java.vm.specification.version" value="1.8"/>
    <property name="sun.java.launcher" value="SUN_STANDARD"/>
    <property name="user.country" value="US"/>
    <property name="sun.boot.library.path" value="C:\elmdev\sdk\jre\bin\compressedrefs;C:\elmdev\sdk\jre\bin"/>
    <property name="sun.java.command" value="C:\Users\AVT3SC744\AppData\Local\Temp\surefire8674399555940549278\surefirebooter4170288267689647797.jar C:\Users\AVT3SC744\AppData\Local\Temp\surefire8674399555940549278 2021-12-05T09-25-04_328-jvmRun1 surefire6177305808367752663tmp surefire_0769126335737611164tmp"/>
    <property name="surefire.test.class.path" value="C:\Users\AVT3SC744\eclipse-workspace10\com.maerskint\target\test-classes;C:\Users\AVT3SC744\eclipse-workspace10\com.maerskint\target\classes;C:\Users\AVT3SC744\.m2\repository\org\seleniumhq\selenium\selenium-api\3.141.59\selenium-api-3.141.59.jar;C:\Users\AVT3SC744\.m2\repository\org\seleniumhq\selenium\selenium-chrome-driver\3.141.59\selenium-chrome-driver-3.141.59.jar;C:\Users\AVT3SC744\.m2\repository\org\seleniumhq\selenium\selenium-remote-driver\3.141.59\selenium-remote-driver-3.141.59.jar;C:\Users\AVT3SC744\.m2\repository\net\bytebuddy\byte-buddy\1.8.15\byte-buddy-1.8.15.jar;C:\Users\AVT3SC744\.m2\repository\org\apache\commons\commons-exec\1.3\commons-exec-1.3.jar;C:\Users\AVT3SC744\.m2\repository\com\google\guava\guava\25.0-jre\guava-25.0-jre.jar;C:\Users\AVT3SC744\.m2\repository\com\google\code\findbugs\jsr305\1.3.9\jsr305-1.3.9.jar;C:\Users\AVT3SC744\.m2\repository\org\checkerframework\checker-compat-qual\2.0.0\checker-compat-qual-2.0.0.jar;C:\Users\AVT3SC744\.m2\repository\com\google\errorprone\error_prone_annotations\2.1.3\error_prone_annotations-2.1.3.jar;C:\Users\AVT3SC744\.m2\repository\com\google\j2objc\j2objc-annotations\1.1\j2objc-annotations-1.1.jar;C:\Users\AVT3SC744\.m2\repository\org\codehaus\mojo\animal-sniffer-annotations\1.14\animal-sniffer-annotations-1.14.jar;C:\Users\AVT3SC744\.m2\repository\com\squareup\okhttp3\okhttp\3.11.0\okhttp-3.11.0.jar;C:\Users\AVT3SC744\.m2\repository\com\squareup\okio\okio\1.14.0\okio-1.14.0.jar;C:\Users\AVT3SC744\.m2\repository\org\seleniumhq\selenium\selenium-firefox-driver\3.141.59\selenium-firefox-driver-3.141.59.jar;C:\Users\AVT3SC744\.m2\repository\org\seleniumhq\selenium\selenium-support\3.141.59\selenium-support-3.141.59.jar;C:\Users\AVT3SC744\.m2\repository\org\json\json\20090211\json-20090211.jar;C:\Users\AVT3SC744\.m2\repository\org\apache\poi\poi\4.1.1\poi-4.1.1.jar;C:\Users\AVT3SC744\.m2\repository\org\apache\commons\commons-collections4\4.4\commons-collections4-4.4.jar;C:\Users\AVT3SC744\.m2\repository\org\apache\commons\commons-math3\3.6.1\commons-math3-3.6.1.jar;C:\Users\AVT3SC744\.m2\repository\com\hp\hpl\jena\arq\2.8.1\arq-2.8.1.jar;C:\Users\AVT3SC744\.m2\repository\com\hp\hpl\jena\jena\2.6.2\jena-2.6.2.jar;C:\Users\AVT3SC744\.m2\repository\com\ibm\icu\icu4j\3.4.4\icu4j-3.4.4.jar;C:\Users\AVT3SC744\.m2\repository\org\codehaus\woodstox\wstx-asl\3.2.9\wstx-asl-3.2.9.jar;C:\Users\AVT3SC744\.m2\repository\stax\stax-api\1.0.1\stax-api-1.0.1.jar;C:\Users\AVT3SC744\.m2\repository\org\apache\lucene\lucene-core\2.3.1\lucene-core-2.3.1.jar;C:\Users\AVT3SC744\.m2\repository\junit\junit\4.5\junit-4.5.jar;C:\Users\AVT3SC744\.m2\repository\org\slf4j\slf4j-api\1.5.6\slf4j-api-1.5.6.jar;C:\Users\AVT3SC744\.m2\repository\xerces\xercesImpl\2.7.1\xercesImpl-2.7.1.jar;C:\Users\AVT3SC744\.m2\repository\com\hp\hpl\jena\iri\0.7\iri-0.7.jar;C:\Users\AVT3SC744\.m2\repository\org\slf4j\slf4j-log4j12\1.5.6\slf4j-log4j12-1.5.6.jar;C:\Users\AVT3SC744\.m2\repository\log4j\log4j\1.2.12\log4j-1.2.12.jar;C:\Users\AVT3SC744\.m2\repository\org\apache\poi\poi-ooxml\4.1.1\poi-ooxml-4.1.1.jar;C:\Users\AVT3SC744\.m2\repository\org\apache\poi\poi-ooxml-schemas\4.1.1\poi-ooxml-schemas-4.1.1.jar;C:\Users\AVT3SC744\.m2\repository\org\apache\xmlbeans\xmlbeans\3.1.0\xmlbeans-3.1.0.jar;C:\Users\AVT3SC744\.m2\repository\org\apache\commons\commons-compress\1.19\commons-compress-1.19.jar;C:\Users\AVT3SC744\.m2\repository\com\github\virtuald\curvesapi\1.06\curvesapi-1.06.jar;C:\Users\AVT3SC744\.m2\repository\commons-io\commons-io\2.4\commons-io-2.4.jar;C:\Users\AVT3SC744\.m2\repository\commons-codec\commons-codec\1.4\commons-codec-1.4.jar;C:\Users\AVT3SC744\.m2\repository\org\apache\logging\log4j\log4j-api\2.11.1\log4j-api-2.11.1.jar;C:\Users\AVT3SC744\.m2\repository\org\apache\logging\log4j\log4j-core\2.11.1\log4j-core-2.11.1.jar;C:\Users\AVT3SC744\.m2\repository\io\rest-assured\json-schema-validator\4.3.0\json-schema-validator-4.3.0.jar;C:\Users\AVT3SC744\.m2\repository\com\github\java-json-tools\json-schema-validator\2.2.10\json-schema-validator-2.2.10.jar;C:\Users\AVT3SC744\.m2\repository\com\github\java-json-tools\json-schema-core\1.2.10\json-schema-core-1.2.10.jar;C:\Users\AVT3SC744\.m2\repository\com\github\java-json-tools\jackson-coreutils\1.9\jackson-coreutils-1.9.jar;C:\Users\AVT3SC744\.m2\repository\com\github\fge\msg-simple\1.1\msg-simple-1.1.jar;C:\Users\AVT3SC744\.m2\repository\com\github\fge\btf\1.2\btf-1.2.jar;C:\Users\AVT3SC744\.m2\repository\com\github\fge\uri-template\0.9\uri-template-0.9.jar;C:\Users\AVT3SC744\.m2\repository\org\mozilla\rhino\1.7.7.1\rhino-1.7.7.1.jar;C:\Users\AVT3SC744\.m2\repository\javax\mail\mailapi\1.4.3\mailapi-1.4.3.jar;C:\Users\AVT3SC744\.m2\repository\javax\activation\activation\1.1\activation-1.1.jar;C:\Users\AVT3SC744\.m2\repository\joda-time\joda-time\2.9.7\joda-time-2.9.7.jar;C:\Users\AVT3SC744\.m2\repository\com\googlecode\libphonenumber\libphonenumber\8.0.0\libphonenumber-8.0.0.jar;C:\Users\AVT3SC744\.m2\repository\net\sf\jopt-simple\jopt-simple\5.0.3\jopt-simple-5.0.3.jar;C:\Users\AVT3SC744\.m2\repository\org\hamcrest\hamcrest\2.1\hamcrest-2.1.jar;C:\Users\AVT3SC744\.m2\repository\com\fasterxml\jackson\core\jackson-databind\2.9.8\jackson-databind-2.9.8.jar;C:\Users\AVT3SC744\.m2\repository\com\fasterxml\jackson\core\jackson-annotations\2.9.0\jackson-annotations-2.9.0.jar;C:\Users\AVT3SC744\.m2\repository\com\fasterxml\jackson\core\jackson-core\2.9.8\jackson-core-2.9.8.jar;C:\Users\AVT3SC744\.m2\repository\com\jayway\jsonpath\json-path-assert\2.2.0\json-path-assert-2.2.0.jar;C:\Users\AVT3SC744\.m2\repository\com\jayway\jsonpath\json-path\2.2.0\json-path-2.2.0.jar;C:\Users\AVT3SC744\.m2\repository\net\minidev\json-smart\2.2.1\json-smart-2.2.1.jar;C:\Users\AVT3SC744\.m2\repository\net\minidev\accessors-smart\1.1\accessors-smart-1.1.jar;C:\Users\AVT3SC744\.m2\repository\org\ow2\asm\asm\5.0.3\asm-5.0.3.jar;C:\Users\AVT3SC744\.m2\repository\org\hamcrest\hamcrest-core\1.3\hamcrest-core-1.3.jar;C:\Users\AVT3SC744\.m2\repository\org\hamcrest\hamcrest-library\1.3\hamcrest-library-1.3.jar;C:\Users\AVT3SC744\.m2\repository\com\github\javafaker\javafaker\0.15\javafaker-0.15.jar;C:\Users\AVT3SC744\.m2\repository\org\yaml\snakeyaml\1.20\snakeyaml-1.20-android.jar;C:\Users\AVT3SC744\.m2\repository\com\github\mifmif\generex\1.0.2\generex-1.0.2.jar;C:\Users\AVT3SC744\.m2\repository\dk\brics\automaton\automaton\1.11-8\automaton-1.11-8.jar;C:\Users\AVT3SC744\.m2\repository\io\qameta\allure\allure-testng\2.12.0\allure-testng-2.12.0.jar;C:\Users\AVT3SC744\.m2\repository\ru\yandex\qatools\allure\allure-java-annotations\1.5.4\allure-java-annotations-1.5.4.jar;C:\Users\AVT3SC744\.m2\repository\ru\yandex\qatools\allure\allure-model\1.5.4\allure-model-1.5.4.jar;C:\Users\AVT3SC744\.m2\repository\org\jvnet\jaxb2_commons\jaxb2-basics-runtime\0.9.3\jaxb2-basics-runtime-0.9.3.jar;C:\Users\AVT3SC744\.m2\repository\ru\qatools\commons\properties\2.0.RC5\properties-2.0.RC5.jar;C:\Users\AVT3SC744\.m2\repository\org\testng\testng\6.14.3\testng-6.14.3.jar;C:\Users\AVT3SC744\.m2\repository\com\beust\jcommander\1.72\jcommander-1.72.jar;C:\Users\AVT3SC744\.m2\repository\org\apache-extras\beanshell\bsh\2.0b6\bsh-2.0b6.jar;C:\Users\AVT3SC744\.m2\repository\ru\yandex\qatools\allure\allure-report-data\1.4.3\allure-report-data-1.4.3.jar;C:\Users\AVT3SC744\.m2\repository\ru\yandex\qatools\allure\allure-commons\1.4.3\allure-commons-1.4.3.jar;C:\Users\AVT3SC744\.m2\repository\com\fasterxml\jackson\module\jackson-module-jaxb-annotations\2.3.0\jackson-module-jaxb-annotations-2.3.0.jar;C:\Users\AVT3SC744\.m2\repository\net\sourceforge\saxon\saxon\9.1.0.8\saxon-9.1.0.8.jar;C:\Users\AVT3SC744\.m2\repository\ru\yandex\qatools\allure\allure-testng-adaptor\1.5.4\allure-testng-adaptor-1.5.4.jar;C:\Users\AVT3SC744\.m2\repository\ru\yandex\qatools\allure\allure-java-aspects\1.5.4\allure-java-aspects-1.5.4.jar;C:\Users\AVT3SC744\.m2\repository\ru\yandex\qatools\allure\allure-java-adaptor-api\1.5.4\allure-java-adaptor-api-1.5.4.jar;C:\Users\AVT3SC744\.m2\repository\org\aspectj\aspectjrt\1.8.3\aspectjrt-1.8.3.jar;C:\Users\AVT3SC744\.m2\repository\com\jcraft\jsch\0.1.55\jsch-0.1.55.jar;C:\Users\AVT3SC744\.m2\repository\org\apache\commons\commons-lang3\3.9\commons-lang3-3.9.jar;C:\Users\AVT3SC744\.m2\repository\io\rest-assured\rest-assured\4.3.0\rest-assured-4.3.0.jar;C:\Users\AVT3SC744\.m2\repository\org\codehaus\groovy\groovy\3.0.2\groovy-3.0.2.jar;C:\Users\AVT3SC744\.m2\repository\org\codehaus\groovy\groovy-xml\3.0.2\groovy-xml-3.0.2.jar;C:\Users\AVT3SC744\.m2\repository\org\apache\httpcomponents\httpclient\4.5.3\httpclient-4.5.3.jar;C:\Users\AVT3SC744\.m2\repository\org\apache\httpcomponents\httpcore\4.4.6\httpcore-4.4.6.jar;C:\Users\AVT3SC744\.m2\repository\commons-logging\commons-logging\1.2\commons-logging-1.2.jar;C:\Users\AVT3SC744\.m2\repository\org\apache\httpcomponents\httpmime\4.5.3\httpmime-4.5.3.jar;C:\Users\AVT3SC744\.m2\repository\org\ccil\cowan\tagsoup\tagsoup\1.2.1\tagsoup-1.2.1.jar;C:\Users\AVT3SC744\.m2\repository\io\rest-assured\json-path\4.3.0\json-path-4.3.0.jar;C:\Users\AVT3SC744\.m2\repository\org\codehaus\groovy\groovy-json\3.0.2\groovy-json-3.0.2.jar;C:\Users\AVT3SC744\.m2\repository\io\rest-assured\rest-assured-common\4.3.0\rest-assured-common-4.3.0.jar;C:\Users\AVT3SC744\.m2\repository\io\rest-assured\xml-path\4.3.0\xml-path-4.3.0.jar;C:\Users\AVT3SC744\.m2\repository\jakarta\xml\bind\jakarta.xml.bind-api\2.3.2\jakarta.xml.bind-api-2.3.2.jar;C:\Users\AVT3SC744\.m2\repository\jakarta\activation\jakarta.activation-api\1.2.1\jakarta.activation-api-1.2.1.jar;C:\Users\AVT3SC744\.m2\repository\com\sun\xml\bind\jaxb-osgi\2.3.0.1\jaxb-osgi-2.3.0.1.jar;C:\Users\AVT3SC744\.m2\repository\org\apache\sling\org.apache.sling.javax.activation\0.1.0\org.apache.sling.javax.activation-0.1.0.jar;C:\Users\AVT3SC744\.m2\repository\com\aventstack\extentreports\4.0.9\extentreports-4.0.9.jar;C:\Users\AVT3SC744\.m2\repository\org\freemarker\freemarker\2.3.23\freemarker-2.3.23.jar;C:\Users\AVT3SC744\.m2\repository\org\mongodb\mongodb-driver\3.3.0\mongodb-driver-3.3.0.jar;C:\Users\AVT3SC744\.m2\repository\org\mongodb\mongodb-driver-core\3.3.0\mongodb-driver-core-3.3.0.jar;C:\Users\AVT3SC744\.m2\repository\org\mongodb\bson\3.3.0\bson-3.3.0.jar;C:\Users\AVT3SC744\.m2\repository\com\google\code\gson\gson\2.8.5\gson-2.8.5.jar;C:\Users\AVT3SC744\.m2\repository\io\qameta\allure\allure-java-commons\2.12.0\allure-java-commons-2.12.0.jar;C:\Users\AVT3SC744\.m2\repository\io\qameta\allure\allure-model\2.12.0\allure-model-2.12.0.jar;C:\Users\AVT3SC744\.m2\repository\org\apache\tika\tika-core\1.20\tika-core-1.20.jar;C:\Users\AVT3SC744\.m2\repository\org\jooq\joor-java-8\0.9.10\joor-java-8-0.9.10.jar;C:\Users\AVT3SC744\.m2\repository\com\github\scribejava\scribejava-apis\2.5.3\scribejava-apis-2.5.3.jar;C:\Users\AVT3SC744\.m2\repository\com\github\scribejava\scribejava-core\2.5.3\scribejava-core-2.5.3.jar;"/>
    <property name="sun.cpu.endian" value="little"/>
    <property name="user.home" value="C:\Users\AVT3SC744"/>
    <property name="user.language" value="en"/>
    <property name="java.specification.vendor" value="Oracle Corporation"/>
    <property name="java.home" value="C:\elmdev\sdk\jre"/>
    <property name="ibm.signalhandling.rs" value="false"/>
    <property name="file.separator" value="\"/>
    <property name="basedir" value="C:\Users\AVT3SC744\eclipse-workspace10\com.maerskint"/>
    <property name="line.separator" value="&#10;"/>
    <property name="java.vm.specification.vendor" value="Oracle Corporation"/>
    <property name="java.specification.name" value="Java Platform API Specification"/>
    <property name="java.compiler" value="j9jit29"/>
    <property name="com.ibm.util.extralibs.properties" value=""/>
    <property name="java.awt.graphicsenv" value="sun.awt.Win32GraphicsEnvironment"/>
    <property name="com.ibm.oti.configuration" value="scar"/>
    <property name="java.awt.fonts" value=""/>
    <property name="surefire.real.class.path" value="C:\Users\AVT3SC744\AppData\Local\Temp\surefire8674399555940549278\surefirebooter4170288267689647797.jar"/>
    <property name="com.ibm.oti.shared.enabled" value="false"/>
    <property name="sun.boot.class.path" value="C:\elmdev\sdk\jre\bin\compressedrefs\jclSC180\vm.jar;C:\elmdev\sdk\jre\lib\se-service.jar;C:\elmdev\sdk\jre\lib\math.jar;C:\elmdev\sdk\jre\lib\ibmorb.jar;C:\elmdev\sdk\jre\lib\ibmorbapi.jar;C:\elmdev\sdk\jre\lib\ibmcfw.jar;C:\elmdev\sdk\jre\lib\ibmpkcs.jar;C:\elmdev\sdk\jre\lib\ibmcertpathfw.jar;C:\elmdev\sdk\jre\lib\ibmjgssfw.jar;C:\elmdev\sdk\jre\lib\ibmjssefw.jar;C:\elmdev\sdk\jre\lib\ibmsaslfw.jar;C:\elmdev\sdk\jre\lib\ibmjcefw.jar;C:\elmdev\sdk\jre\lib\ibmjgssprovider.jar;C:\elmdev\sdk\jre\lib\ibmjsseprovider2.jar;C:\elmdev\sdk\jre\lib\ibmcertpathprovider.jar;C:\elmdev\sdk\jre\lib\xmldsigfw.jar;C:\elmdev\sdk\jre\lib\xml.jar;C:\elmdev\sdk\jre\lib\charsets.jar;C:\elmdev\sdk\jre\lib\resources.jar;C:\elmdev\sdk\jre\lib\rt.jar;C:\elmdev\sdk\jre\lib\dataaccess.jar"/>
    <property name="com.ibm.oti.vm.bootstrap.library.path" value="C:\elmdev\sdk\jre\bin\compressedrefs;C:\elmdev\sdk\jre\bin"/>
    <property name="com.ibm.cpu.endian" value="little"/>
    <property name="java.fullversion" value="8.0.6.26 - pwa6480sr6fp26-20210216_01(SR6 FP26)&#10;JRE 1.8.0 Windows 10 amd64-64-Bit Compressed References 20210216_465732 (JIT enabled, AOT enabled)&#10;OpenJ9   - e5f4f96&#10;OMR      - 999051a&#10;IBM      - 358762e"/>
    <property name="java.runtime.version" value="8.0.6.26 - pwa6480sr6fp26-20210216_01(SR6 FP26)"/>
    <property name="java.lang.stringBuffer.growAggressively" value="false"/>
    <property name="user.name" value="AVT3SC744"/>
    <property name="path.separator" value=";"/>
    <property name="os.version" value="10.0"/>
    <property name="java.endorsed.dirs" value="C:\elmdev\sdk\jre\lib\endorsed"/>
    <property name="java.runtime.name" value="Java(TM) SE Runtime Environment"/>
    <property name="ibm.signalhandling.sigint" value="true"/>
    <property name="file.encoding" value="Cp1252"/>
    <property name="java.vm.name" value="IBM J9 VM"/>
    <property name="ibm.signalhandling.sigchain" value="true"/>
    <property name="localRepository" value="C:\Users\AVT3SC744\.m2\repository"/>
    <property name="java.io.tmpdir" value="C:\Users\AVT3SC~1\AppData\Local\Temp\"/>
    <property name="java.version" value="1.8.0_281"/>
    <property name="com.ibm.system.agent.path" value="C:\elmdev\sdk\jre\bin"/>
    <property name="user.dir" value="C:\Users\AVT3SC744\eclipse-workspace10\com.maerskint"/>
    <property name="os.arch" value="amd64"/>
    <property name="java.vm.specification.name" value="Java Virtual Machine Specification"/>
    <property name="java.awt.printerjob" value="sun.awt.windows.WPrinterJob"/>
    <property name="os.encoding" value="UTF8"/>
    <property name="console.encoding" value="Cp437"/>
    <property name="java.library.path" value="C:\elmdev\sdk\jre\bin\compressedrefs;C:\elmdev\sdk\jre\bin;C:\Windows\system32;C:\Windows;C:\Windows\system32;C:\Windows;C:\Windows\system32\wbem;C:\Users\AVT3SC744\AppData\Local\Microsoft\WindowsApps;C:\Users\AVT3SC744\AppData\Roaming\npm;;."/>
    <property name="java.vendor" value="IBM Corporation"/>
    <property name="java.vm.info" value="JRE 1.8.0 Windows 10 amd64-64-Bit Compressed References 20210216_465732 (JIT enabled, AOT enabled)&#10;OpenJ9   - e5f4f96&#10;OMR      - 999051a&#10;IBM      - 358762e"/>
    <property name="java.vm.version" value="2.9"/>
    <property name="com.ibm.jcl.checkClassPath" value=""/>
    <property name="ibm.system.encoding" value="Cp1252"/>
    <property name="sun.io.unicode.encoding" value="UnicodeLittle"/>
    <property name="java.ext.dirs" value="C:\elmdev\sdk\jre\lib\ext"/>
    <property name="java.class.version" value="52.0"/>
  </properties>
</testsuite>